<?xml version="1.0" encoding="UTF-8"?>
<!-- Generated by org.testng.reporters.JUnitReportReporter -->
<testsuite hostname="LAPTOP-DKIBSMU3" failures="0" tests="5" name="AdvancedCalculatorTest" time="0.001" errors="0" timestamp="30 Mar 2021 16:13:27 GMT">
  <testcase classname="AdvancedCalculatorTest" name="root" time="0.000"/>
  <testcase classname="AdvancedCalculatorTest" name="square" time="0.001"/>
  <testcase classname="AdvancedCalculatorTest" name="power" time="0.000"/>
  <testcase classname="AdvancedCalculatorTest" name="absolute" time="0.000"/>
  <testcase classname="AdvancedCalculatorTest" name="squareRoot" time="0.000"/>
</testsuite> <!-- AdvancedCalculatorTest -->
