<?xml version="1.0" encoding="UTF-8"?>
<!-- Generated by org.testng.reporters.JUnitReportReporter -->
<testsuite hostname="LAPTOP-DKIBSMU3" failures="0" tests="4" name="BasicCalculatorTest" time="0.023" errors="0" timestamp="30 Mar 2021 16:13:27 GMT">
  <testcase classname="BasicCalculatorTest" name="divide" time="0.021"/>
  <testcase classname="BasicCalculatorTest" name="multiply" time="0.001"/>
  <testcase classname="BasicCalculatorTest" name="add" time="0.001"/>
  <testcase classname="BasicCalculatorTest" name="substract" time="0.000"/>
</testsuite> <!-- BasicCalculatorTest -->
